[2024-11-15 03:30:06] Accessing activity view - Data: Array
(
    [activity_id] => 11
    [student_id] => 1
)

[2024-11-15 03:30:06] Activity check - Data: Array
(
    [found] => Yes
    [activity_id] => 11
)

[2024-11-15 03:30:06] Student access check - Data: Array
(
    [student_id] => 1
    [section_id] => 1
    [has_access] => Yes
)

[2024-11-15 03:30:06] Activity data loaded - Data: Array
(
    [activity_id] => 11
    [title] => Introduction to Programming Basics
    [status] => assigned
    [submission] => No
)

[2024-11-15 03:30:07] Accessing activity view - Data: Array
(
    [activity_id] => 11
    [student_id] => 1
)

[2024-11-15 03:30:07] Activity check - Data: Array
(
    [found] => Yes
    [activity_id] => 11
)

[2024-11-15 03:30:07] Student access check - Data: Array
(
    [student_id] => 1
    [section_id] => 1
    [has_access] => Yes
)

[2024-11-15 03:30:07] Activity data loaded - Data: Array
(
    [activity_id] => 11
    [title] => Introduction to Programming Basics
    [status] => assigned
    [submission] => No
)

[2024-11-15 03:30:07] Accessing activity view - Data: Array
(
    [activity_id] => 11
    [student_id] => 1
)

[2024-11-15 03:30:07] Activity check - Data: Array
(
    [found] => Yes
    [activity_id] => 11
)

[2024-11-15 03:30:07] Student access check - Data: Array
(
    [student_id] => 1
    [section_id] => 1
    [has_access] => Yes
)

[2024-11-15 03:30:07] Activity data loaded - Data: Array
(
    [activity_id] => 11
    [title] => Introduction to Programming Basics
    [status] => assigned
    [submission] => No
)

[2024-11-15 03:30:07] Accessing activity view - Data: Array
(
    [activity_id] => 11
    [student_id] => 1
)

[2024-11-15 03:30:07] Activity check - Data: Array
(
    [found] => Yes
    [activity_id] => 11
)

[2024-11-15 03:30:07] Student access check - Data: Array
(
    [student_id] => 1
    [section_id] => 1
    [has_access] => Yes
)

[2024-11-15 03:30:07] Activity data loaded - Data: Array
(
    [activity_id] => 11
    [title] => Introduction to Programming Basics
    [status] => assigned
    [submission] => No
)

[2024-11-15 03:30:18] Accessing activity view - Data: Array
(
    [activity_id] => 11
    [student_id] => 1
)

[2024-11-15 03:30:18] Activity check - Data: Array
(
    [found] => Yes
    [activity_id] => 11
)

[2024-11-15 03:30:18] Student access check - Data: Array
(
    [student_id] => 1
    [section_id] => 1
    [has_access] => Yes
)

[2024-11-15 03:30:18] Activity data loaded - Data: Array
(
    [activity_id] => 11
    [title] => Introduction to Programming Basics
    [status] => assigned
    [submission] => No
)

[2024-11-15 03:31:34] Accessing activity view - Data: Array
(
    [activity_id] => 11
    [student_id] => 1
)

[2024-11-15 03:31:34] Activity check - Data: Array
(
    [found] => Yes
    [activity_id] => 11
)

[2024-11-15 03:31:34] Student access check - Data: Array
(
    [student_id] => 1
    [section_id] => 1
    [has_access] => Yes
)

[2024-11-15 03:31:34] Activity data loaded - Data: Array
(
    [activity_id] => 11
    [title] => Introduction to Programming Basics
    [status] => assigned
    [submission] => No
)

[2024-11-15 03:31:34] Accessing activity view - Data: Array
(
    [activity_id] => 11
    [student_id] => 1
)

[2024-11-15 03:31:34] Activity check - Data: Array
(
    [found] => Yes
    [activity_id] => 11
)

[2024-11-15 03:31:34] Student access check - Data: Array
(
    [student_id] => 1
    [section_id] => 1
    [has_access] => Yes
)

[2024-11-15 03:31:34] Activity data loaded - Data: Array
(
    [activity_id] => 11
    [title] => Introduction to Programming Basics
    [status] => assigned
    [submission] => No
)

[2024-11-15 03:31:35] Accessing activity view - Data: Array
(
    [activity_id] => 11
    [student_id] => 1
)

[2024-11-15 03:31:35] Activity check - Data: Array
(
    [found] => Yes
    [activity_id] => 11
)

[2024-11-15 03:31:35] Student access check - Data: Array
(
    [student_id] => 1
    [section_id] => 1
    [has_access] => Yes
)

[2024-11-15 03:31:35] Activity data loaded - Data: Array
(
    [activity_id] => 11
    [title] => Introduction to Programming Basics
    [status] => assigned
    [submission] => No
)

[2024-11-15 03:31:35] Accessing activity view - Data: Array
(
    [activity_id] => 11
    [student_id] => 1
)

[2024-11-15 03:31:35] Activity check - Data: Array
(
    [found] => Yes
    [activity_id] => 11
)

[2024-11-15 03:31:35] Student access check - Data: Array
(
    [student_id] => 1
    [section_id] => 1
    [has_access] => Yes
)

[2024-11-15 03:31:35] Activity data loaded - Data: Array
(
    [activity_id] => 11
    [title] => Introduction to Programming Basics
    [status] => assigned
    [submission] => No
)

[2024-11-15 03:31:35] Accessing activity view - Data: Array
(
    [activity_id] => 11
    [student_id] => 1
)

[2024-11-15 03:31:35] Activity check - Data: Array
(
    [found] => Yes
    [activity_id] => 11
)

[2024-11-15 03:31:35] Student access check - Data: Array
(
    [student_id] => 1
    [section_id] => 1
    [has_access] => Yes
)

[2024-11-15 03:31:35] Activity data loaded - Data: Array
(
    [activity_id] => 11
    [title] => Introduction to Programming Basics
    [status] => assigned
    [submission] => No
)

[2024-11-15 03:31:35] Accessing activity view - Data: Array
(
    [activity_id] => 11
    [student_id] => 1
)

[2024-11-15 03:31:35] Activity check - Data: Array
(
    [found] => Yes
    [activity_id] => 11
)

[2024-11-15 03:31:35] Student access check - Data: Array
(
    [student_id] => 1
    [section_id] => 1
    [has_access] => Yes
)

[2024-11-15 03:31:35] Activity data loaded - Data: Array
(
    [activity_id] => 11
    [title] => Introduction to Programming Basics
    [status] => assigned
    [submission] => No
)

[2024-11-15 03:31:35] Accessing activity view - Data: Array
(
    [activity_id] => 11
    [student_id] => 1
)

[2024-11-15 03:31:35] Activity check - Data: Array
(
    [found] => Yes
    [activity_id] => 11
)

[2024-11-15 03:31:35] Student access check - Data: Array
(
    [student_id] => 1
    [section_id] => 1
    [has_access] => Yes
)

[2024-11-15 03:31:35] Activity data loaded - Data: Array
(
    [activity_id] => 11
    [title] => Introduction to Programming Basics
    [status] => assigned
    [submission] => No
)

[2024-11-15 03:31:35] Accessing activity view - Data: Array
(
    [activity_id] => 11
    [student_id] => 1
)

[2024-11-15 03:31:35] Activity check - Data: Array
(
    [found] => Yes
    [activity_id] => 11
)

[2024-11-15 03:31:35] Student access check - Data: Array
(
    [student_id] => 1
    [section_id] => 1
    [has_access] => Yes
)

[2024-11-15 03:31:35] Activity data loaded - Data: Array
(
    [activity_id] => 11
    [title] => Introduction to Programming Basics
    [status] => assigned
    [submission] => No
)

[2024-11-15 03:31:36] Accessing activity view - Data: Array
(
    [activity_id] => 11
    [student_id] => 1
)

[2024-11-15 03:31:36] Activity check - Data: Array
(
    [found] => Yes
    [activity_id] => 11
)

[2024-11-15 03:31:36] Student access check - Data: Array
(
    [student_id] => 1
    [section_id] => 1
    [has_access] => Yes
)

[2024-11-15 03:31:36] Activity data loaded - Data: Array
(
    [activity_id] => 11
    [title] => Introduction to Programming Basics
    [status] => assigned
    [submission] => No
)

[2024-11-15 03:31:36] Accessing activity view - Data: Array
(
    [activity_id] => 11
    [student_id] => 1
)

[2024-11-15 03:31:36] Activity check - Data: Array
(
    [found] => Yes
    [activity_id] => 11
)

[2024-11-15 03:31:36] Student access check - Data: Array
(
    [student_id] => 1
    [section_id] => 1
    [has_access] => Yes
)

[2024-11-15 03:31:36] Activity data loaded - Data: Array
(
    [activity_id] => 11
    [title] => Introduction to Programming Basics
    [status] => assigned
    [submission] => No
)

[2024-11-15 03:31:36] Accessing activity view - Data: Array
(
    [activity_id] => 11
    [student_id] => 1
)

[2024-11-15 03:31:36] Activity check - Data: Array
(
    [found] => Yes
    [activity_id] => 11
)

[2024-11-15 03:31:36] Student access check - Data: Array
(
    [student_id] => 1
    [section_id] => 1
    [has_access] => Yes
)

[2024-11-15 03:31:36] Activity data loaded - Data: Array
(
    [activity_id] => 11
    [title] => Introduction to Programming Basics
    [status] => assigned
    [submission] => No
)

[2024-11-15 03:31:36] Accessing activity view - Data: Array
(
    [activity_id] => 11
    [student_id] => 1
)

[2024-11-15 03:31:36] Activity check - Data: Array
(
    [found] => Yes
    [activity_id] => 11
)

[2024-11-15 03:31:36] Student access check - Data: Array
(
    [student_id] => 1
    [section_id] => 1
    [has_access] => Yes
)

[2024-11-15 03:31:36] Activity data loaded - Data: Array
(
    [activity_id] => 11
    [title] => Introduction to Programming Basics
    [status] => assigned
    [submission] => No
)

[2024-11-15 03:31:36] Accessing activity view - Data: Array
(
    [activity_id] => 11
    [student_id] => 1
)

[2024-11-15 03:31:36] Activity check - Data: Array
(
    [found] => Yes
    [activity_id] => 11
)

[2024-11-15 03:31:36] Student access check - Data: Array
(
    [student_id] => 1
    [section_id] => 1
    [has_access] => Yes
)

[2024-11-15 03:31:36] Activity data loaded - Data: Array
(
    [activity_id] => 11
    [title] => Introduction to Programming Basics
    [status] => assigned
    [submission] => No
)

[2024-11-15 03:31:36] Accessing activity view - Data: Array
(
    [activity_id] => 11
    [student_id] => 1
)

[2024-11-15 03:31:36] Activity check - Data: Array
(
    [found] => Yes
    [activity_id] => 11
)

[2024-11-15 03:31:36] Student access check - Data: Array
(
    [student_id] => 1
    [section_id] => 1
    [has_access] => Yes
)

[2024-11-15 03:31:36] Activity data loaded - Data: Array
(
    [activity_id] => 11
    [title] => Introduction to Programming Basics
    [status] => assigned
    [submission] => No
)

[2024-11-15 03:31:37] Accessing activity view - Data: Array
(
    [activity_id] => 11
    [student_id] => 1
)

[2024-11-15 03:31:37] Activity check - Data: Array
(
    [found] => Yes
    [activity_id] => 11
)

[2024-11-15 03:31:37] Student access check - Data: Array
(
    [student_id] => 1
    [section_id] => 1
    [has_access] => Yes
)

[2024-11-15 03:31:37] Activity data loaded - Data: Array
(
    [activity_id] => 11
    [title] => Introduction to Programming Basics
    [status] => assigned
    [submission] => No
)

[2024-11-15 03:31:40] Accessing activity view - Data: Array
(
    [activity_id] => 12
    [student_id] => 1
)

[2024-11-15 03:31:40] Activity check - Data: Array
(
    [found] => Yes
    [activity_id] => 12
)

[2024-11-15 03:31:40] Student access check - Data: Array
(
    [student_id] => 1
    [section_id] => 1
    [has_access] => Yes
)

[2024-11-15 03:31:40] Activity data loaded - Data: Array
(
    [activity_id] => 12
    [title] => Introduction to Programming Basics
    [status] => assigned
    [submission] => No
)

[2024-11-15 03:33:21] Accessing activity view - Data: Array
(
    [activity_id] => 12
    [student_id] => 1
)

[2024-11-15 03:33:21] Activity check - Data: Array
(
    [found] => Yes
    [activity_id] => 12
)

[2024-11-15 03:33:21] Student access check - Data: Array
(
    [student_id] => 1
    [section_id] => 1
    [has_access] => Yes
)

[2024-11-15 03:33:21] Activity data loaded - Data: Array
(
    [activity_id] => 12
    [title] => Introduction to Programming Basics
    [status] => assigned
    [submission] => No
)

[2024-11-15 03:33:22] Accessing activity view - Data: Array
(
    [activity_id] => 12
    [student_id] => 1
)

[2024-11-15 03:33:22] Activity check - Data: Array
(
    [found] => Yes
    [activity_id] => 12
)

[2024-11-15 03:33:22] Student access check - Data: Array
(
    [student_id] => 1
    [section_id] => 1
    [has_access] => Yes
)

[2024-11-15 03:33:22] Activity data loaded - Data: Array
(
    [activity_id] => 12
    [title] => Introduction to Programming Basics
    [status] => assigned
    [submission] => No
)

[2024-11-15 03:33:22] Accessing activity view - Data: Array
(
    [activity_id] => 12
    [student_id] => 1
)

[2024-11-15 03:33:22] Activity check - Data: Array
(
    [found] => Yes
    [activity_id] => 12
)

[2024-11-15 03:33:22] Student access check - Data: Array
(
    [student_id] => 1
    [section_id] => 1
    [has_access] => Yes
)

[2024-11-15 03:33:22] Activity data loaded - Data: Array
(
    [activity_id] => 12
    [title] => Introduction to Programming Basics
    [status] => assigned
    [submission] => No
)

[2024-11-15 03:33:22] Accessing activity view - Data: Array
(
    [activity_id] => 12
    [student_id] => 1
)

[2024-11-15 03:33:22] Activity check - Data: Array
(
    [found] => Yes
    [activity_id] => 12
)

[2024-11-15 03:33:22] Student access check - Data: Array
(
    [student_id] => 1
    [section_id] => 1
    [has_access] => Yes
)

[2024-11-15 03:33:22] Activity data loaded - Data: Array
(
    [activity_id] => 12
    [title] => Introduction to Programming Basics
    [status] => assigned
    [submission] => No
)

[2024-11-15 03:33:22] Accessing activity view - Data: Array
(
    [activity_id] => 12
    [student_id] => 1
)

[2024-11-15 03:33:22] Activity check - Data: Array
(
    [found] => Yes
    [activity_id] => 12
)

[2024-11-15 03:33:22] Student access check - Data: Array
(
    [student_id] => 1
    [section_id] => 1
    [has_access] => Yes
)

[2024-11-15 03:33:22] Activity data loaded - Data: Array
(
    [activity_id] => 12
    [title] => Introduction to Programming Basics
    [status] => assigned
    [submission] => No
)

[2024-11-15 03:33:22] Accessing activity view - Data: Array
(
    [activity_id] => 12
    [student_id] => 1
)

[2024-11-15 03:33:22] Activity check - Data: Array
(
    [found] => Yes
    [activity_id] => 12
)

[2024-11-15 03:33:22] Student access check - Data: Array
(
    [student_id] => 1
    [section_id] => 1
    [has_access] => Yes
)

[2024-11-15 03:33:22] Activity data loaded - Data: Array
(
    [activity_id] => 12
    [title] => Introduction to Programming Basics
    [status] => assigned
    [submission] => No
)

[2024-11-15 03:33:22] Accessing activity view - Data: Array
(
    [activity_id] => 12
    [student_id] => 1
)

[2024-11-15 03:33:22] Activity check - Data: Array
(
    [found] => Yes
    [activity_id] => 12
)

[2024-11-15 03:33:22] Student access check - Data: Array
(
    [student_id] => 1
    [section_id] => 1
    [has_access] => Yes
)

[2024-11-15 03:33:22] Activity data loaded - Data: Array
(
    [activity_id] => 12
    [title] => Introduction to Programming Basics
    [status] => assigned
    [submission] => No
)

[2024-11-15 03:34:19] Accessing activity view - Data: Array
(
    [activity_id] => 15
    [student_id] => 1
)

[2024-11-15 03:34:19] Activity check - Data: Array
(
    [found] => Yes
    [activity_id] => 15
)

[2024-11-15 03:34:19] Student access check - Data: Array
(
    [student_id] => 1
    [section_id] => 1
    [has_access] => Yes
)

[2024-11-15 03:34:19] Activity data loaded - Data: Array
(
    [activity_id] => 15
    [title] => asdasdasdasd
    [status] => assigned
    [submission] => No
)

[2024-11-15 03:35:01] Accessing activity view - Data: Array
(
    [activity_id] => 15
    [student_id] => 1
)

[2024-11-15 03:35:01] Activity check - Data: Array
(
    [found] => Yes
    [activity_id] => 15
)

[2024-11-15 03:35:01] Student access check - Data: Array
(
    [student_id] => 1
    [section_id] => 1
    [has_access] => Yes
)

[2024-11-15 03:35:01] Activity data loaded - Data: Array
(
    [activity_id] => 15
    [title] => asdasdasdasd
    [status] => assigned
    [submission] => No
)

[2024-11-15 03:35:01] Accessing activity view - Data: Array
(
    [activity_id] => 15
    [student_id] => 1
)

[2024-11-15 03:35:01] Activity check - Data: Array
(
    [found] => Yes
    [activity_id] => 15
)

[2024-11-15 03:35:01] Student access check - Data: Array
(
    [student_id] => 1
    [section_id] => 1
    [has_access] => Yes
)

[2024-11-15 03:35:01] Activity data loaded - Data: Array
(
    [activity_id] => 15
    [title] => asdasdasdasd
    [status] => assigned
    [submission] => No
)

[2024-11-15 03:35:01] Accessing activity view - Data: Array
(
    [activity_id] => 15
    [student_id] => 1
)

[2024-11-15 03:35:01] Activity check - Data: Array
(
    [found] => Yes
    [activity_id] => 15
)

[2024-11-15 03:35:01] Student access check - Data: Array
(
    [student_id] => 1
    [section_id] => 1
    [has_access] => Yes
)

[2024-11-15 03:35:01] Activity data loaded - Data: Array
(
    [activity_id] => 15
    [title] => asdasdasdasd
    [status] => assigned
    [submission] => No
)

[2024-11-15 03:35:02] Accessing activity view - Data: Array
(
    [activity_id] => 15
    [student_id] => 1
)

[2024-11-15 03:35:02] Activity check - Data: Array
(
    [found] => Yes
    [activity_id] => 15
)

[2024-11-15 03:35:02] Student access check - Data: Array
(
    [student_id] => 1
    [section_id] => 1
    [has_access] => Yes
)

[2024-11-15 03:35:02] Activity data loaded - Data: Array
(
    [activity_id] => 15
    [title] => asdasdasdasd
    [status] => assigned
    [submission] => No
)

[2024-11-15 03:35:02] Accessing activity view - Data: Array
(
    [activity_id] => 15
    [student_id] => 1
)

[2024-11-15 03:35:02] Activity check - Data: Array
(
    [found] => Yes
    [activity_id] => 15
)

[2024-11-15 03:35:02] Student access check - Data: Array
(
    [student_id] => 1
    [section_id] => 1
    [has_access] => Yes
)

[2024-11-15 03:35:02] Activity data loaded - Data: Array
(
    [activity_id] => 15
    [title] => asdasdasdasd
    [status] => assigned
    [submission] => No
)

[2024-11-15 03:35:02] Accessing activity view - Data: Array
(
    [activity_id] => 15
    [student_id] => 1
)

[2024-11-15 03:35:02] Activity check - Data: Array
(
    [found] => Yes
    [activity_id] => 15
)

[2024-11-15 03:35:02] Student access check - Data: Array
(
    [student_id] => 1
    [section_id] => 1
    [has_access] => Yes
)

[2024-11-15 03:35:02] Activity data loaded - Data: Array
(
    [activity_id] => 15
    [title] => asdasdasdasd
    [status] => assigned
    [submission] => No
)

[2024-11-15 03:35:02] Accessing activity view - Data: Array
(
    [activity_id] => 15
    [student_id] => 1
)

[2024-11-15 03:35:02] Activity check - Data: Array
(
    [found] => Yes
    [activity_id] => 15
)

[2024-11-15 03:35:02] Student access check - Data: Array
(
    [student_id] => 1
    [section_id] => 1
    [has_access] => Yes
)

[2024-11-15 03:35:02] Activity data loaded - Data: Array
(
    [activity_id] => 15
    [title] => asdasdasdasd
    [status] => assigned
    [submission] => No
)

[2024-11-15 03:35:02] Accessing activity view - Data: Array
(
    [activity_id] => 15
    [student_id] => 1
)

[2024-11-15 03:35:02] Activity check - Data: Array
(
    [found] => Yes
    [activity_id] => 15
)

[2024-11-15 03:35:02] Student access check - Data: Array
(
    [student_id] => 1
    [section_id] => 1
    [has_access] => Yes
)

[2024-11-15 03:35:02] Activity data loaded - Data: Array
(
    [activity_id] => 15
    [title] => asdasdasdasd
    [status] => assigned
    [submission] => No
)

[2024-11-15 03:35:02] Accessing activity view - Data: Array
(
    [activity_id] => 15
    [student_id] => 1
)

[2024-11-15 03:35:02] Activity check - Data: Array
(
    [found] => Yes
    [activity_id] => 15
)

[2024-11-15 03:35:02] Student access check - Data: Array
(
    [student_id] => 1
    [section_id] => 1
    [has_access] => Yes
)

[2024-11-15 03:35:02] Activity data loaded - Data: Array
(
    [activity_id] => 15
    [title] => asdasdasdasd
    [status] => assigned
    [submission] => No
)

[2024-11-15 03:35:21] Accessing activity view - Data: Array
(
    [activity_id] => 15
    [student_id] => 1
)

[2024-11-15 03:35:21] Activity check - Data: Array
(
    [found] => Yes
    [activity_id] => 15
)

[2024-11-15 03:35:21] Student access check - Data: Array
(
    [student_id] => 1
    [section_id] => 1
    [has_access] => Yes
)

[2024-11-15 03:35:21] Activity data loaded - Data: Array
(
    [activity_id] => 15
    [title] => asdasdasdasd
    [status] => assigned
    [submission] => No
)

[2024-11-15 03:36:07] Accessing activity view - Data: Array
(
    [activity_id] => 15
    [student_id] => 1
)

[2024-11-15 03:36:07] Activity check - Data: Array
(
    [found] => Yes
    [activity_id] => 15
)

[2024-11-15 03:36:07] Student access check - Data: Array
(
    [student_id] => 1
    [section_id] => 1
    [has_access] => Yes
)

[2024-11-15 03:36:07] Activity data loaded - Data: Array
(
    [activity_id] => 15
    [title] => asdasdasdasd
    [status] => submitted
    [submission] => Yes
)

[2024-11-15 03:37:32] Accessing activity view - Data: Array
(
    [activity_id] => 15
    [student_id] => 1
)

[2024-11-15 03:37:32] Activity check - Data: Array
(
    [found] => Yes
    [activity_id] => 15
)

[2024-11-15 03:37:32] Student access check - Data: Array
(
    [student_id] => 1
    [section_id] => 1
    [has_access] => Yes
)

[2024-11-15 03:37:32] Activity data loaded - Data: Array
(
    [activity_id] => 15
    [title] => asdasdasdasd
    [status] => submitted
    [submission] => Yes
)

[2024-11-15 03:37:44] Accessing activity view - Data: Array
(
    [activity_id] => 16
    [student_id] => 1
)

[2024-11-15 03:37:44] Activity check - Data: Array
(
    [found] => Yes
    [activity_id] => 16
)

[2024-11-15 03:37:44] Student access check - Data: Array
(
    [student_id] => 1
    [section_id] => 1
    [has_access] => Yes
)

[2024-11-15 03:37:44] Activity data loaded - Data: Array
(
    [activity_id] => 16
    [title] => asdasdasdasd
    [status] => assigned
    [submission] => No
)

[2024-11-15 03:39:30] Accessing activity view - Data: Array
(
    [activity_id] => 16
    [student_id] => 1
)

[2024-11-15 03:39:30] Activity query result - Data: Array
(
    [activity_id] => 16
    [activity_data] => Array
        (
            [activity_id] => 16
            [title] => asdasdasdasd
            [description] => asdasdasdasdasda
            [due_date] => 2024-11-22 03:33:00
            [points] => 100
            [type] => activity
            [activity_status] => active
            [section_id] => 1
            [subject_name] => Code
            [teacher_fname] => John
            [teacher_lname] => Doe
            [file_name] => 
            [activity_file_path] => 
        )

)

[2024-11-15 03:39:30] Student access check - Data: Array
(
    [student_id] => 1
    [section_id] => 1
    [has_access] => Yes
)

[2024-11-15 03:39:30] Activity data loaded - Data: Array
(
    [activity_id] => 16
    [title] => asdasdasdasd
    [status] => assigned
    [submission] => No
)

[2024-11-15 03:39:30] Missing activity title - Data: Array
(
    [activity_id] => 16
    [activity_data] => 
)

[2024-11-15 03:39:31] Accessing activity view - Data: Array
(
    [activity_id] => 16
    [student_id] => 1
)

[2024-11-15 03:39:31] Activity query result - Data: Array
(
    [activity_id] => 16
    [activity_data] => Array
        (
            [activity_id] => 16
            [title] => asdasdasdasd
            [description] => asdasdasdasdasda
            [due_date] => 2024-11-22 03:33:00
            [points] => 100
            [type] => activity
            [activity_status] => active
            [section_id] => 1
            [subject_name] => Code
            [teacher_fname] => John
            [teacher_lname] => Doe
            [file_name] => 
            [activity_file_path] => 
        )

)

[2024-11-15 03:39:31] Student access check - Data: Array
(
    [student_id] => 1
    [section_id] => 1
    [has_access] => Yes
)

[2024-11-15 03:39:31] Activity data loaded - Data: Array
(
    [activity_id] => 16
    [title] => asdasdasdasd
    [status] => assigned
    [submission] => No
)

[2024-11-15 03:39:31] Missing activity title - Data: Array
(
    [activity_id] => 16
    [activity_data] => 
)

[2024-11-15 03:39:31] Accessing activity view - Data: Array
(
    [activity_id] => 16
    [student_id] => 1
)

[2024-11-15 03:39:31] Activity query result - Data: Array
(
    [activity_id] => 16
    [activity_data] => Array
        (
            [activity_id] => 16
            [title] => asdasdasdasd
            [description] => asdasdasdasdasda
            [due_date] => 2024-11-22 03:33:00
            [points] => 100
            [type] => activity
            [activity_status] => active
            [section_id] => 1
            [subject_name] => Code
            [teacher_fname] => John
            [teacher_lname] => Doe
            [file_name] => 
            [activity_file_path] => 
        )

)

[2024-11-15 03:39:31] Student access check - Data: Array
(
    [student_id] => 1
    [section_id] => 1
    [has_access] => Yes
)

[2024-11-15 03:39:31] Activity data loaded - Data: Array
(
    [activity_id] => 16
    [title] => asdasdasdasd
    [status] => assigned
    [submission] => No
)

[2024-11-15 03:39:31] Missing activity title - Data: Array
(
    [activity_id] => 16
    [activity_data] => 
)

[2024-11-15 03:39:31] Accessing activity view - Data: Array
(
    [activity_id] => 16
    [student_id] => 1
)

[2024-11-15 03:39:31] Activity query result - Data: Array
(
    [activity_id] => 16
    [activity_data] => Array
        (
            [activity_id] => 16
            [title] => asdasdasdasd
            [description] => asdasdasdasdasda
            [due_date] => 2024-11-22 03:33:00
            [points] => 100
            [type] => activity
            [activity_status] => active
            [section_id] => 1
            [subject_name] => Code
            [teacher_fname] => John
            [teacher_lname] => Doe
            [file_name] => 
            [activity_file_path] => 
        )

)

[2024-11-15 03:39:31] Student access check - Data: Array
(
    [student_id] => 1
    [section_id] => 1
    [has_access] => Yes
)

[2024-11-15 03:39:31] Activity data loaded - Data: Array
(
    [activity_id] => 16
    [title] => asdasdasdasd
    [status] => assigned
    [submission] => No
)

[2024-11-15 03:39:31] Missing activity title - Data: Array
(
    [activity_id] => 16
    [activity_data] => 
)

[2024-11-15 03:39:31] Accessing activity view - Data: Array
(
    [activity_id] => 16
    [student_id] => 1
)

[2024-11-15 03:39:31] Activity query result - Data: Array
(
    [activity_id] => 16
    [activity_data] => Array
        (
            [activity_id] => 16
            [title] => asdasdasdasd
            [description] => asdasdasdasdasda
            [due_date] => 2024-11-22 03:33:00
            [points] => 100
            [type] => activity
            [activity_status] => active
            [section_id] => 1
            [subject_name] => Code
            [teacher_fname] => John
            [teacher_lname] => Doe
            [file_name] => 
            [activity_file_path] => 
        )

)

[2024-11-15 03:39:31] Student access check - Data: Array
(
    [student_id] => 1
    [section_id] => 1
    [has_access] => Yes
)

[2024-11-15 03:39:31] Activity data loaded - Data: Array
(
    [activity_id] => 16
    [title] => asdasdasdasd
    [status] => assigned
    [submission] => No
)

[2024-11-15 03:39:31] Missing activity title - Data: Array
(
    [activity_id] => 16
    [activity_data] => 
)

[2024-11-15 03:39:31] Accessing activity view - Data: Array
(
    [activity_id] => 16
    [student_id] => 1
)

[2024-11-15 03:39:31] Activity query result - Data: Array
(
    [activity_id] => 16
    [activity_data] => Array
        (
            [activity_id] => 16
            [title] => asdasdasdasd
            [description] => asdasdasdasdasda
            [due_date] => 2024-11-22 03:33:00
            [points] => 100
            [type] => activity
            [activity_status] => active
            [section_id] => 1
            [subject_name] => Code
            [teacher_fname] => John
            [teacher_lname] => Doe
            [file_name] => 
            [activity_file_path] => 
        )

)

[2024-11-15 03:39:31] Student access check - Data: Array
(
    [student_id] => 1
    [section_id] => 1
    [has_access] => Yes
)

[2024-11-15 03:39:31] Activity data loaded - Data: Array
(
    [activity_id] => 16
    [title] => asdasdasdasd
    [status] => assigned
    [submission] => No
)

[2024-11-15 03:39:31] Missing activity title - Data: Array
(
    [activity_id] => 16
    [activity_data] => 
)

[2024-11-15 03:39:32] Accessing activity view - Data: Array
(
    [activity_id] => 16
    [student_id] => 1
)

[2024-11-15 03:39:32] Activity query result - Data: Array
(
    [activity_id] => 16
    [activity_data] => Array
        (
            [activity_id] => 16
            [title] => asdasdasdasd
            [description] => asdasdasdasdasda
            [due_date] => 2024-11-22 03:33:00
            [points] => 100
            [type] => activity
            [activity_status] => active
            [section_id] => 1
            [subject_name] => Code
            [teacher_fname] => John
            [teacher_lname] => Doe
            [file_name] => 
            [activity_file_path] => 
        )

)

[2024-11-15 03:39:32] Student access check - Data: Array
(
    [student_id] => 1
    [section_id] => 1
    [has_access] => Yes
)

[2024-11-15 03:39:32] Activity data loaded - Data: Array
(
    [activity_id] => 16
    [title] => asdasdasdasd
    [status] => assigned
    [submission] => No
)

[2024-11-15 03:39:32] Missing activity title - Data: Array
(
    [activity_id] => 16
    [activity_data] => 
)

[2024-11-15 03:39:32] Accessing activity view - Data: Array
(
    [activity_id] => 16
    [student_id] => 1
)

[2024-11-15 03:39:32] Activity query result - Data: Array
(
    [activity_id] => 16
    [activity_data] => Array
        (
            [activity_id] => 16
            [title] => asdasdasdasd
            [description] => asdasdasdasdasda
            [due_date] => 2024-11-22 03:33:00
            [points] => 100
            [type] => activity
            [activity_status] => active
            [section_id] => 1
            [subject_name] => Code
            [teacher_fname] => John
            [teacher_lname] => Doe
            [file_name] => 
            [activity_file_path] => 
        )

)

[2024-11-15 03:39:32] Student access check - Data: Array
(
    [student_id] => 1
    [section_id] => 1
    [has_access] => Yes
)

[2024-11-15 03:39:32] Activity data loaded - Data: Array
(
    [activity_id] => 16
    [title] => asdasdasdasd
    [status] => assigned
    [submission] => No
)

[2024-11-15 03:39:32] Missing activity title - Data: Array
(
    [activity_id] => 16
    [activity_data] => 
)

[2024-11-15 03:39:32] Accessing activity view - Data: Array
(
    [activity_id] => 16
    [student_id] => 1
)

[2024-11-15 03:39:32] Activity query result - Data: Array
(
    [activity_id] => 16
    [activity_data] => Array
        (
            [activity_id] => 16
            [title] => asdasdasdasd
            [description] => asdasdasdasdasda
            [due_date] => 2024-11-22 03:33:00
            [points] => 100
            [type] => activity
            [activity_status] => active
            [section_id] => 1
            [subject_name] => Code
            [teacher_fname] => John
            [teacher_lname] => Doe
            [file_name] => 
            [activity_file_path] => 
        )

)

[2024-11-15 03:39:32] Student access check - Data: Array
(
    [student_id] => 1
    [section_id] => 1
    [has_access] => Yes
)

[2024-11-15 03:39:32] Activity data loaded - Data: Array
(
    [activity_id] => 16
    [title] => asdasdasdasd
    [status] => assigned
    [submission] => No
)

[2024-11-15 03:39:32] Missing activity title - Data: Array
(
    [activity_id] => 16
    [activity_data] => 
)

[2024-11-15 03:39:32] Accessing activity view - Data: Array
(
    [activity_id] => 16
    [student_id] => 1
)

[2024-11-15 03:39:32] Activity query result - Data: Array
(
    [activity_id] => 16
    [activity_data] => Array
        (
            [activity_id] => 16
            [title] => asdasdasdasd
            [description] => asdasdasdasdasda
            [due_date] => 2024-11-22 03:33:00
            [points] => 100
            [type] => activity
            [activity_status] => active
            [section_id] => 1
            [subject_name] => Code
            [teacher_fname] => John
            [teacher_lname] => Doe
            [file_name] => 
            [activity_file_path] => 
        )

)

[2024-11-15 03:39:32] Student access check - Data: Array
(
    [student_id] => 1
    [section_id] => 1
    [has_access] => Yes
)

[2024-11-15 03:39:32] Activity data loaded - Data: Array
(
    [activity_id] => 16
    [title] => asdasdasdasd
    [status] => assigned
    [submission] => No
)

[2024-11-15 03:39:32] Missing activity title - Data: Array
(
    [activity_id] => 16
    [activity_data] => 
)

[2024-11-15 03:39:36] Accessing activity view - Data: Array
(
    [activity_id] => 16
    [student_id] => 1
)

[2024-11-15 03:39:36] Activity query result - Data: Array
(
    [activity_id] => 16
    [activity_data] => Array
        (
            [activity_id] => 16
            [title] => asdasdasdasd
            [description] => asdasdasdasdasda
            [due_date] => 2024-11-22 03:33:00
            [points] => 100
            [type] => activity
            [activity_status] => active
            [section_id] => 1
            [subject_name] => Code
            [teacher_fname] => John
            [teacher_lname] => Doe
            [file_name] => 
            [activity_file_path] => 
        )

)

[2024-11-15 03:39:36] Student access check - Data: Array
(
    [student_id] => 1
    [section_id] => 1
    [has_access] => Yes
)

[2024-11-15 03:39:36] Activity data loaded - Data: Array
(
    [activity_id] => 16
    [title] => asdasdasdasd
    [status] => assigned
    [submission] => No
)

[2024-11-15 03:39:36] Missing activity title - Data: Array
(
    [activity_id] => 16
    [activity_data] => 
)

[2024-11-15 03:39:50] Accessing activity view - Data: Array
(
    [activity_id] => 16
    [student_id] => 1
)

[2024-11-15 03:39:50] Activity query result - Data: Array
(
    [activity_id] => 16
    [activity_data] => Array
        (
            [activity_id] => 16
            [title] => asdasdasdasd
            [description] => asdasdasdasdasda
            [due_date] => 2024-11-22 03:33:00
            [points] => 100
            [type] => activity
            [activity_status] => active
            [section_id] => 1
            [subject_name] => Code
            [teacher_fname] => John
            [teacher_lname] => Doe
            [file_name] => 
            [activity_file_path] => 
        )

)

[2024-11-15 03:39:50] Student access check - Data: Array
(
    [student_id] => 1
    [section_id] => 1
    [has_access] => Yes
)

[2024-11-15 03:39:50] Activity data loaded - Data: Array
(
    [activity_id] => 16
    [title] => asdasdasdasd
    [status] => assigned
    [submission] => No
)

[2024-11-15 03:39:50] Missing activity title - Data: Array
(
    [activity_id] => 16
    [activity_data] => 
)

[2024-11-15 03:41:45] Accessing activity view - Data: Array
(
    [activity_id] => 16
    [student_id] => 1
)

[2024-11-15 03:41:45] Activity data fetched - Data: Array
(
    [activity_id] => 16
    [student_id] => 1
    [activity_data] => Array
        (
            [activity_id] => 16
            [title] => asdasdasdasd
            [description] => asdasdasdasdasda
            [points] => 100
            [type] => activity
            [due_date] => 2024-11-22 03:33:00
            [activity_status] => active
            [subject_name] => Code
            [teacher_fname] => John
            [teacher_lname] => Doe
            [section_id] => 1
            [file_name] => 
            [activity_file_path] => 
            [submission_id] => 
            [submitted_at] => 
            [achieved_points] => 
        )

)

[2024-11-15 03:41:45] Activity query result - Data: Array
(
    [activity_id] => 16
    [activity_data] => Array
        (
            [activity_id] => 16
            [title] => asdasdasdasd
            [description] => asdasdasdasdasda
            [points] => 100
            [type] => activity
            [due_date] => 2024-11-22 03:33:00
            [activity_status] => active
            [subject_name] => Code
            [teacher_fname] => John
            [teacher_lname] => Doe
            [section_id] => 1
            [file_name] => 
            [activity_file_path] => 
            [submission_id] => 
            [submitted_at] => 
            [achieved_points] => 
            [status] => assigned
        )

)

[2024-11-15 03:41:45] Student access check - Data: Array
(
    [student_id] => 1
    [section_id] => 1
    [has_access] => Yes
)

[2024-11-15 03:41:45] Activity data loaded - Data: Array
(
    [activity_id] => 16
    [title] => asdasdasdasd
    [status] => assigned
    [submission] => No
)

[2024-11-15 03:41:45] Accessing activity view - Data: Array
(
    [activity_id] => 16
    [student_id] => 1
)

[2024-11-15 03:41:45] Activity data fetched - Data: Array
(
    [activity_id] => 16
    [student_id] => 1
    [activity_data] => Array
        (
            [activity_id] => 16
            [title] => asdasdasdasd
            [description] => asdasdasdasdasda
            [points] => 100
            [type] => activity
            [due_date] => 2024-11-22 03:33:00
            [activity_status] => active
            [subject_name] => Code
            [teacher_fname] => John
            [teacher_lname] => Doe
            [section_id] => 1
            [file_name] => 
            [activity_file_path] => 
            [submission_id] => 
            [submitted_at] => 
            [achieved_points] => 
        )

)

[2024-11-15 03:41:45] Activity query result - Data: Array
(
    [activity_id] => 16
    [activity_data] => Array
        (
            [activity_id] => 16
            [title] => asdasdasdasd
            [description] => asdasdasdasdasda
            [points] => 100
            [type] => activity
            [due_date] => 2024-11-22 03:33:00
            [activity_status] => active
            [subject_name] => Code
            [teacher_fname] => John
            [teacher_lname] => Doe
            [section_id] => 1
            [file_name] => 
            [activity_file_path] => 
            [submission_id] => 
            [submitted_at] => 
            [achieved_points] => 
            [status] => assigned
        )

)

[2024-11-15 03:41:45] Student access check - Data: Array
(
    [student_id] => 1
    [section_id] => 1
    [has_access] => Yes
)

[2024-11-15 03:41:45] Activity data loaded - Data: Array
(
    [activity_id] => 16
    [title] => asdasdasdasd
    [status] => assigned
    [submission] => No
)

[2024-11-15 03:41:46] Accessing activity view - Data: Array
(
    [activity_id] => 16
    [student_id] => 1
)

[2024-11-15 03:41:46] Activity data fetched - Data: Array
(
    [activity_id] => 16
    [student_id] => 1
    [activity_data] => Array
        (
            [activity_id] => 16
            [title] => asdasdasdasd
            [description] => asdasdasdasdasda
            [points] => 100
            [type] => activity
            [due_date] => 2024-11-22 03:33:00
            [activity_status] => active
            [subject_name] => Code
            [teacher_fname] => John
            [teacher_lname] => Doe
            [section_id] => 1
            [file_name] => 
            [activity_file_path] => 
            [submission_id] => 
            [submitted_at] => 
            [achieved_points] => 
        )

)

[2024-11-15 03:41:46] Activity query result - Data: Array
(
    [activity_id] => 16
    [activity_data] => Array
        (
            [activity_id] => 16
            [title] => asdasdasdasd
            [description] => asdasdasdasdasda
            [points] => 100
            [type] => activity
            [due_date] => 2024-11-22 03:33:00
            [activity_status] => active
            [subject_name] => Code
            [teacher_fname] => John
            [teacher_lname] => Doe
            [section_id] => 1
            [file_name] => 
            [activity_file_path] => 
            [submission_id] => 
            [submitted_at] => 
            [achieved_points] => 
            [status] => assigned
        )

)

[2024-11-15 03:41:46] Student access check - Data: Array
(
    [student_id] => 1
    [section_id] => 1
    [has_access] => Yes
)

[2024-11-15 03:41:46] Activity data loaded - Data: Array
(
    [activity_id] => 16
    [title] => asdasdasdasd
    [status] => assigned
    [submission] => No
)

[2024-11-15 03:41:46] Accessing activity view - Data: Array
(
    [activity_id] => 16
    [student_id] => 1
)

[2024-11-15 03:41:46] Activity data fetched - Data: Array
(
    [activity_id] => 16
    [student_id] => 1
    [activity_data] => Array
        (
            [activity_id] => 16
            [title] => asdasdasdasd
            [description] => asdasdasdasdasda
            [points] => 100
            [type] => activity
            [due_date] => 2024-11-22 03:33:00
            [activity_status] => active
            [subject_name] => Code
            [teacher_fname] => John
            [teacher_lname] => Doe
            [section_id] => 1
            [file_name] => 
            [activity_file_path] => 
            [submission_id] => 
            [submitted_at] => 
            [achieved_points] => 
        )

)

[2024-11-15 03:41:46] Activity query result - Data: Array
(
    [activity_id] => 16
    [activity_data] => Array
        (
            [activity_id] => 16
            [title] => asdasdasdasd
            [description] => asdasdasdasdasda
            [points] => 100
            [type] => activity
            [due_date] => 2024-11-22 03:33:00
            [activity_status] => active
            [subject_name] => Code
            [teacher_fname] => John
            [teacher_lname] => Doe
            [section_id] => 1
            [file_name] => 
            [activity_file_path] => 
            [submission_id] => 
            [submitted_at] => 
            [achieved_points] => 
            [status] => assigned
        )

)

[2024-11-15 03:41:46] Student access check - Data: Array
(
    [student_id] => 1
    [section_id] => 1
    [has_access] => Yes
)

[2024-11-15 03:41:46] Activity data loaded - Data: Array
(
    [activity_id] => 16
    [title] => asdasdasdasd
    [status] => assigned
    [submission] => No
)

[2024-11-15 03:41:46] Accessing activity view - Data: Array
(
    [activity_id] => 16
    [student_id] => 1
)

[2024-11-15 03:41:46] Activity data fetched - Data: Array
(
    [activity_id] => 16
    [student_id] => 1
    [activity_data] => Array
        (
            [activity_id] => 16
            [title] => asdasdasdasd
            [description] => asdasdasdasdasda
            [points] => 100
            [type] => activity
            [due_date] => 2024-11-22 03:33:00
            [activity_status] => active
            [subject_name] => Code
            [teacher_fname] => John
            [teacher_lname] => Doe
            [section_id] => 1
            [file_name] => 
            [activity_file_path] => 
            [submission_id] => 
            [submitted_at] => 
            [achieved_points] => 
        )

)

[2024-11-15 03:41:46] Activity query result - Data: Array
(
    [activity_id] => 16
    [activity_data] => Array
        (
            [activity_id] => 16
            [title] => asdasdasdasd
            [description] => asdasdasdasdasda
            [points] => 100
            [type] => activity
            [due_date] => 2024-11-22 03:33:00
            [activity_status] => active
            [subject_name] => Code
            [teacher_fname] => John
            [teacher_lname] => Doe
            [section_id] => 1
            [file_name] => 
            [activity_file_path] => 
            [submission_id] => 
            [submitted_at] => 
            [achieved_points] => 
            [status] => assigned
        )

)

[2024-11-15 03:41:46] Student access check - Data: Array
(
    [student_id] => 1
    [section_id] => 1
    [has_access] => Yes
)

[2024-11-15 03:41:46] Activity data loaded - Data: Array
(
    [activity_id] => 16
    [title] => asdasdasdasd
    [status] => assigned
    [submission] => No
)

[2024-11-15 03:43:13] Accessing activity view - Data: Array
(
    [activity_id] => 16
    [student_id] => 1
)

[2024-11-15 03:43:13] Activity query executed - Data: Array
(
    [activity_id] => 16
    [student_id] => 1
    [sql] => 
    SELECT 
        a.activity_id,
        a.title,
        a.description,
        a.points,
        a.type,
        a.due_date,
        a.status as activity_status,
        a.section_subject_id,
        s.subject_name,
        t.firstname as teacher_fname,
        t.lastname as teacher_lname,
        ss.section_id,
        af.file_name,
        af.file_path as activity_file_path
    FROM activities a
    INNER JOIN section_subjects ss ON a.section_subject_id = ss.id
    INNER JOIN subjects s ON ss.subject_id = s.id
    INNER JOIN teacher t ON ss.teacher_id = t.teacher_id
    LEFT JOIN activity_files af ON a.activity_id = af.activity_id
    INNER JOIN student_sections sts ON ss.section_id = sts.section_id
    WHERE a.activity_id = ? 
    AND sts.student_id = ?
    AND a.status = 'active'
    LIMIT 1
    [has_result] => 1
)

[2024-11-15 03:43:13] Activity query result - Data: Array
(
    [activity_id] => 16
    [activity_data] => Array
        (
            [activity_id] => 16
            [title] => asdasdasdasd
            [description] => asdasdasdasdasda
            [points] => 100
            [type] => activity
            [due_date] => 2024-11-22 03:33:00
            [activity_status] => active
            [section_subject_id] => 1
            [subject_name] => Code
            [teacher_fname] => John
            [teacher_lname] => Doe
            [section_id] => 1
            [file_name] => 
            [activity_file_path] => 
            [status] => assigned
        )

)

[2024-11-15 03:43:13] Student access check - Data: Array
(
    [student_id] => 1
    [section_id] => 1
    [has_access] => Yes
)

[2024-11-15 03:43:13] Activity data loaded - Data: Array
(
    [activity_id] => 16
    [title] => asdasdasdasd
    [status] => assigned
    [submission] => No
)

[2024-11-15 03:43:14] Accessing activity view - Data: Array
(
    [activity_id] => 16
    [student_id] => 1
)

[2024-11-15 03:43:14] Activity query executed - Data: Array
(
    [activity_id] => 16
    [student_id] => 1
    [sql] => 
    SELECT 
        a.activity_id,
        a.title,
        a.description,
        a.points,
        a.type,
        a.due_date,
        a.status as activity_status,
        a.section_subject_id,
        s.subject_name,
        t.firstname as teacher_fname,
        t.lastname as teacher_lname,
        ss.section_id,
        af.file_name,
        af.file_path as activity_file_path
    FROM activities a
    INNER JOIN section_subjects ss ON a.section_subject_id = ss.id
    INNER JOIN subjects s ON ss.subject_id = s.id
    INNER JOIN teacher t ON ss.teacher_id = t.teacher_id
    LEFT JOIN activity_files af ON a.activity_id = af.activity_id
    INNER JOIN student_sections sts ON ss.section_id = sts.section_id
    WHERE a.activity_id = ? 
    AND sts.student_id = ?
    AND a.status = 'active'
    LIMIT 1
    [has_result] => 1
)

[2024-11-15 03:43:14] Activity query result - Data: Array
(
    [activity_id] => 16
    [activity_data] => Array
        (
            [activity_id] => 16
            [title] => asdasdasdasd
            [description] => asdasdasdasdasda
            [points] => 100
            [type] => activity
            [due_date] => 2024-11-22 03:33:00
            [activity_status] => active
            [section_subject_id] => 1
            [subject_name] => Code
            [teacher_fname] => John
            [teacher_lname] => Doe
            [section_id] => 1
            [file_name] => 
            [activity_file_path] => 
            [status] => assigned
        )

)

[2024-11-15 03:43:14] Student access check - Data: Array
(
    [student_id] => 1
    [section_id] => 1
    [has_access] => Yes
)

[2024-11-15 03:43:14] Activity data loaded - Data: Array
(
    [activity_id] => 16
    [title] => asdasdasdasd
    [status] => assigned
    [submission] => No
)

[2024-11-15 03:43:14] Accessing activity view - Data: Array
(
    [activity_id] => 16
    [student_id] => 1
)

[2024-11-15 03:43:14] Activity query executed - Data: Array
(
    [activity_id] => 16
    [student_id] => 1
    [sql] => 
    SELECT 
        a.activity_id,
        a.title,
        a.description,
        a.points,
        a.type,
        a.due_date,
        a.status as activity_status,
        a.section_subject_id,
        s.subject_name,
        t.firstname as teacher_fname,
        t.lastname as teacher_lname,
        ss.section_id,
        af.file_name,
        af.file_path as activity_file_path
    FROM activities a
    INNER JOIN section_subjects ss ON a.section_subject_id = ss.id
    INNER JOIN subjects s ON ss.subject_id = s.id
    INNER JOIN teacher t ON ss.teacher_id = t.teacher_id
    LEFT JOIN activity_files af ON a.activity_id = af.activity_id
    INNER JOIN student_sections sts ON ss.section_id = sts.section_id
    WHERE a.activity_id = ? 
    AND sts.student_id = ?
    AND a.status = 'active'
    LIMIT 1
    [has_result] => 1
)

[2024-11-15 03:43:14] Activity query result - Data: Array
(
    [activity_id] => 16
    [activity_data] => Array
        (
            [activity_id] => 16
            [title] => asdasdasdasd
            [description] => asdasdasdasdasda
            [points] => 100
            [type] => activity
            [due_date] => 2024-11-22 03:33:00
            [activity_status] => active
            [section_subject_id] => 1
            [subject_name] => Code
            [teacher_fname] => John
            [teacher_lname] => Doe
            [section_id] => 1
            [file_name] => 
            [activity_file_path] => 
            [status] => assigned
        )

)

[2024-11-15 03:43:14] Student access check - Data: Array
(
    [student_id] => 1
    [section_id] => 1
    [has_access] => Yes
)

[2024-11-15 03:43:14] Activity data loaded - Data: Array
(
    [activity_id] => 16
    [title] => asdasdasdasd
    [status] => assigned
    [submission] => No
)

[2024-11-15 03:43:14] Accessing activity view - Data: Array
(
    [activity_id] => 16
    [student_id] => 1
)

[2024-11-15 03:43:14] Activity query executed - Data: Array
(
    [activity_id] => 16
    [student_id] => 1
    [sql] => 
    SELECT 
        a.activity_id,
        a.title,
        a.description,
        a.points,
        a.type,
        a.due_date,
        a.status as activity_status,
        a.section_subject_id,
        s.subject_name,
        t.firstname as teacher_fname,
        t.lastname as teacher_lname,
        ss.section_id,
        af.file_name,
        af.file_path as activity_file_path
    FROM activities a
    INNER JOIN section_subjects ss ON a.section_subject_id = ss.id
    INNER JOIN subjects s ON ss.subject_id = s.id
    INNER JOIN teacher t ON ss.teacher_id = t.teacher_id
    LEFT JOIN activity_files af ON a.activity_id = af.activity_id
    INNER JOIN student_sections sts ON ss.section_id = sts.section_id
    WHERE a.activity_id = ? 
    AND sts.student_id = ?
    AND a.status = 'active'
    LIMIT 1
    [has_result] => 1
)

[2024-11-15 03:43:14] Activity query result - Data: Array
(
    [activity_id] => 16
    [activity_data] => Array
        (
            [activity_id] => 16
            [title] => asdasdasdasd
            [description] => asdasdasdasdasda
            [points] => 100
            [type] => activity
            [due_date] => 2024-11-22 03:33:00
            [activity_status] => active
            [section_subject_id] => 1
            [subject_name] => Code
            [teacher_fname] => John
            [teacher_lname] => Doe
            [section_id] => 1
            [file_name] => 
            [activity_file_path] => 
            [status] => assigned
        )

)

[2024-11-15 03:43:14] Student access check - Data: Array
(
    [student_id] => 1
    [section_id] => 1
    [has_access] => Yes
)

[2024-11-15 03:43:14] Activity data loaded - Data: Array
(
    [activity_id] => 16
    [title] => asdasdasdasd
    [status] => assigned
    [submission] => No
)

[2024-11-15 03:43:14] Accessing activity view - Data: Array
(
    [activity_id] => 16
    [student_id] => 1
)

[2024-11-15 03:43:14] Activity query executed - Data: Array
(
    [activity_id] => 16
    [student_id] => 1
    [sql] => 
    SELECT 
        a.activity_id,
        a.title,
        a.description,
        a.points,
        a.type,
        a.due_date,
        a.status as activity_status,
        a.section_subject_id,
        s.subject_name,
        t.firstname as teacher_fname,
        t.lastname as teacher_lname,
        ss.section_id,
        af.file_name,
        af.file_path as activity_file_path
    FROM activities a
    INNER JOIN section_subjects ss ON a.section_subject_id = ss.id
    INNER JOIN subjects s ON ss.subject_id = s.id
    INNER JOIN teacher t ON ss.teacher_id = t.teacher_id
    LEFT JOIN activity_files af ON a.activity_id = af.activity_id
    INNER JOIN student_sections sts ON ss.section_id = sts.section_id
    WHERE a.activity_id = ? 
    AND sts.student_id = ?
    AND a.status = 'active'
    LIMIT 1
    [has_result] => 1
)

[2024-11-15 03:43:14] Activity query result - Data: Array
(
    [activity_id] => 16
    [activity_data] => Array
        (
            [activity_id] => 16
            [title] => asdasdasdasd
            [description] => asdasdasdasdasda
            [points] => 100
            [type] => activity
            [due_date] => 2024-11-22 03:33:00
            [activity_status] => active
            [section_subject_id] => 1
            [subject_name] => Code
            [teacher_fname] => John
            [teacher_lname] => Doe
            [section_id] => 1
            [file_name] => 
            [activity_file_path] => 
            [status] => assigned
        )

)

[2024-11-15 03:43:14] Student access check - Data: Array
(
    [student_id] => 1
    [section_id] => 1
    [has_access] => Yes
)

[2024-11-15 03:43:14] Activity data loaded - Data: Array
(
    [activity_id] => 16
    [title] => asdasdasdasd
    [status] => assigned
    [submission] => No
)

[2024-11-15 03:43:14] Accessing activity view - Data: Array
(
    [activity_id] => 16
    [student_id] => 1
)

[2024-11-15 03:43:14] Activity query executed - Data: Array
(
    [activity_id] => 16
    [student_id] => 1
    [sql] => 
    SELECT 
        a.activity_id,
        a.title,
        a.description,
        a.points,
        a.type,
        a.due_date,
        a.status as activity_status,
        a.section_subject_id,
        s.subject_name,
        t.firstname as teacher_fname,
        t.lastname as teacher_lname,
        ss.section_id,
        af.file_name,
        af.file_path as activity_file_path
    FROM activities a
    INNER JOIN section_subjects ss ON a.section_subject_id = ss.id
    INNER JOIN subjects s ON ss.subject_id = s.id
    INNER JOIN teacher t ON ss.teacher_id = t.teacher_id
    LEFT JOIN activity_files af ON a.activity_id = af.activity_id
    INNER JOIN student_sections sts ON ss.section_id = sts.section_id
    WHERE a.activity_id = ? 
    AND sts.student_id = ?
    AND a.status = 'active'
    LIMIT 1
    [has_result] => 1
)

[2024-11-15 03:43:14] Activity query result - Data: Array
(
    [activity_id] => 16
    [activity_data] => Array
        (
            [activity_id] => 16
            [title] => asdasdasdasd
            [description] => asdasdasdasdasda
            [points] => 100
            [type] => activity
            [due_date] => 2024-11-22 03:33:00
            [activity_status] => active
            [section_subject_id] => 1
            [subject_name] => Code
            [teacher_fname] => John
            [teacher_lname] => Doe
            [section_id] => 1
            [file_name] => 
            [activity_file_path] => 
            [status] => assigned
        )

)

[2024-11-15 03:43:14] Student access check - Data: Array
(
    [student_id] => 1
    [section_id] => 1
    [has_access] => Yes
)

[2024-11-15 03:43:14] Activity data loaded - Data: Array
(
    [activity_id] => 16
    [title] => asdasdasdasd
    [status] => assigned
    [submission] => No
)

[2024-11-15 03:43:15] Accessing activity view - Data: Array
(
    [activity_id] => 16
    [student_id] => 1
)

[2024-11-15 03:43:15] Activity query executed - Data: Array
(
    [activity_id] => 16
    [student_id] => 1
    [sql] => 
    SELECT 
        a.activity_id,
        a.title,
        a.description,
        a.points,
        a.type,
        a.due_date,
        a.status as activity_status,
        a.section_subject_id,
        s.subject_name,
        t.firstname as teacher_fname,
        t.lastname as teacher_lname,
        ss.section_id,
        af.file_name,
        af.file_path as activity_file_path
    FROM activities a
    INNER JOIN section_subjects ss ON a.section_subject_id = ss.id
    INNER JOIN subjects s ON ss.subject_id = s.id
    INNER JOIN teacher t ON ss.teacher_id = t.teacher_id
    LEFT JOIN activity_files af ON a.activity_id = af.activity_id
    INNER JOIN student_sections sts ON ss.section_id = sts.section_id
    WHERE a.activity_id = ? 
    AND sts.student_id = ?
    AND a.status = 'active'
    LIMIT 1
    [has_result] => 1
)

[2024-11-15 03:43:15] Activity query result - Data: Array
(
    [activity_id] => 16
    [activity_data] => Array
        (
            [activity_id] => 16
            [title] => asdasdasdasd
            [description] => asdasdasdasdasda
            [points] => 100
            [type] => activity
            [due_date] => 2024-11-22 03:33:00
            [activity_status] => active
            [section_subject_id] => 1
            [subject_name] => Code
            [teacher_fname] => John
            [teacher_lname] => Doe
            [section_id] => 1
            [file_name] => 
            [activity_file_path] => 
            [status] => assigned
        )

)

[2024-11-15 03:43:15] Student access check - Data: Array
(
    [student_id] => 1
    [section_id] => 1
    [has_access] => Yes
)

[2024-11-15 03:43:15] Activity data loaded - Data: Array
(
    [activity_id] => 16
    [title] => asdasdasdasd
    [status] => assigned
    [submission] => No
)

[2024-11-15 03:43:15] Accessing activity view - Data: Array
(
    [activity_id] => 16
    [student_id] => 1
)

[2024-11-15 03:43:15] Activity query executed - Data: Array
(
    [activity_id] => 16
    [student_id] => 1
    [sql] => 
    SELECT 
        a.activity_id,
        a.title,
        a.description,
        a.points,
        a.type,
        a.due_date,
        a.status as activity_status,
        a.section_subject_id,
        s.subject_name,
        t.firstname as teacher_fname,
        t.lastname as teacher_lname,
        ss.section_id,
        af.file_name,
        af.file_path as activity_file_path
    FROM activities a
    INNER JOIN section_subjects ss ON a.section_subject_id = ss.id
    INNER JOIN subjects s ON ss.subject_id = s.id
    INNER JOIN teacher t ON ss.teacher_id = t.teacher_id
    LEFT JOIN activity_files af ON a.activity_id = af.activity_id
    INNER JOIN student_sections sts ON ss.section_id = sts.section_id
    WHERE a.activity_id = ? 
    AND sts.student_id = ?
    AND a.status = 'active'
    LIMIT 1
    [has_result] => 1
)

[2024-11-15 03:43:15] Activity query result - Data: Array
(
    [activity_id] => 16
    [activity_data] => Array
        (
            [activity_id] => 16
            [title] => asdasdasdasd
            [description] => asdasdasdasdasda
            [points] => 100
            [type] => activity
            [due_date] => 2024-11-22 03:33:00
            [activity_status] => active
            [section_subject_id] => 1
            [subject_name] => Code
            [teacher_fname] => John
            [teacher_lname] => Doe
            [section_id] => 1
            [file_name] => 
            [activity_file_path] => 
            [status] => assigned
        )

)

[2024-11-15 03:43:15] Student access check - Data: Array
(
    [student_id] => 1
    [section_id] => 1
    [has_access] => Yes
)

[2024-11-15 03:43:15] Activity data loaded - Data: Array
(
    [activity_id] => 16
    [title] => asdasdasdasd
    [status] => assigned
    [submission] => No
)

[2024-11-15 03:43:15] Accessing activity view - Data: Array
(
    [activity_id] => 16
    [student_id] => 1
)

[2024-11-15 03:43:15] Activity query executed - Data: Array
(
    [activity_id] => 16
    [student_id] => 1
    [sql] => 
    SELECT 
        a.activity_id,
        a.title,
        a.description,
        a.points,
        a.type,
        a.due_date,
        a.status as activity_status,
        a.section_subject_id,
        s.subject_name,
        t.firstname as teacher_fname,
        t.lastname as teacher_lname,
        ss.section_id,
        af.file_name,
        af.file_path as activity_file_path
    FROM activities a
    INNER JOIN section_subjects ss ON a.section_subject_id = ss.id
    INNER JOIN subjects s ON ss.subject_id = s.id
    INNER JOIN teacher t ON ss.teacher_id = t.teacher_id
    LEFT JOIN activity_files af ON a.activity_id = af.activity_id
    INNER JOIN student_sections sts ON ss.section_id = sts.section_id
    WHERE a.activity_id = ? 
    AND sts.student_id = ?
    AND a.status = 'active'
    LIMIT 1
    [has_result] => 1
)

[2024-11-15 03:43:15] Activity query result - Data: Array
(
    [activity_id] => 16
    [activity_data] => Array
        (
            [activity_id] => 16
            [title] => asdasdasdasd
            [description] => asdasdasdasdasda
            [points] => 100
            [type] => activity
            [due_date] => 2024-11-22 03:33:00
            [activity_status] => active
            [section_subject_id] => 1
            [subject_name] => Code
            [teacher_fname] => John
            [teacher_lname] => Doe
            [section_id] => 1
            [file_name] => 
            [activity_file_path] => 
            [status] => assigned
        )

)

[2024-11-15 03:43:15] Student access check - Data: Array
(
    [student_id] => 1
    [section_id] => 1
    [has_access] => Yes
)

[2024-11-15 03:43:15] Activity data loaded - Data: Array
(
    [activity_id] => 16
    [title] => asdasdasdasd
    [status] => assigned
    [submission] => No
)

[2024-11-15 03:43:15] Accessing activity view - Data: Array
(
    [activity_id] => 16
    [student_id] => 1
)

[2024-11-15 03:43:15] Activity query executed - Data: Array
(
    [activity_id] => 16
    [student_id] => 1
    [sql] => 
    SELECT 
        a.activity_id,
        a.title,
        a.description,
        a.points,
        a.type,
        a.due_date,
        a.status as activity_status,
        a.section_subject_id,
        s.subject_name,
        t.firstname as teacher_fname,
        t.lastname as teacher_lname,
        ss.section_id,
        af.file_name,
        af.file_path as activity_file_path
    FROM activities a
    INNER JOIN section_subjects ss ON a.section_subject_id = ss.id
    INNER JOIN subjects s ON ss.subject_id = s.id
    INNER JOIN teacher t ON ss.teacher_id = t.teacher_id
    LEFT JOIN activity_files af ON a.activity_id = af.activity_id
    INNER JOIN student_sections sts ON ss.section_id = sts.section_id
    WHERE a.activity_id = ? 
    AND sts.student_id = ?
    AND a.status = 'active'
    LIMIT 1
    [has_result] => 1
)

[2024-11-15 03:43:15] Activity query result - Data: Array
(
    [activity_id] => 16
    [activity_data] => Array
        (
            [activity_id] => 16
            [title] => asdasdasdasd
            [description] => asdasdasdasdasda
            [points] => 100
            [type] => activity
            [due_date] => 2024-11-22 03:33:00
            [activity_status] => active
            [section_subject_id] => 1
            [subject_name] => Code
            [teacher_fname] => John
            [teacher_lname] => Doe
            [section_id] => 1
            [file_name] => 
            [activity_file_path] => 
            [status] => assigned
        )

)

[2024-11-15 03:43:15] Student access check - Data: Array
(
    [student_id] => 1
    [section_id] => 1
    [has_access] => Yes
)

[2024-11-15 03:43:15] Activity data loaded - Data: Array
(
    [activity_id] => 16
    [title] => asdasdasdasd
    [status] => assigned
    [submission] => No
)

[2024-11-15 03:43:15] Accessing activity view - Data: Array
(
    [activity_id] => 16
    [student_id] => 1
)

[2024-11-15 03:43:15] Activity query executed - Data: Array
(
    [activity_id] => 16
    [student_id] => 1
    [sql] => 
    SELECT 
        a.activity_id,
        a.title,
        a.description,
        a.points,
        a.type,
        a.due_date,
        a.status as activity_status,
        a.section_subject_id,
        s.subject_name,
        t.firstname as teacher_fname,
        t.lastname as teacher_lname,
        ss.section_id,
        af.file_name,
        af.file_path as activity_file_path
    FROM activities a
    INNER JOIN section_subjects ss ON a.section_subject_id = ss.id
    INNER JOIN subjects s ON ss.subject_id = s.id
    INNER JOIN teacher t ON ss.teacher_id = t.teacher_id
    LEFT JOIN activity_files af ON a.activity_id = af.activity_id
    INNER JOIN student_sections sts ON ss.section_id = sts.section_id
    WHERE a.activity_id = ? 
    AND sts.student_id = ?
    AND a.status = 'active'
    LIMIT 1
    [has_result] => 1
)

[2024-11-15 03:43:15] Activity query result - Data: Array
(
    [activity_id] => 16
    [activity_data] => Array
        (
            [activity_id] => 16
            [title] => asdasdasdasd
            [description] => asdasdasdasdasda
            [points] => 100
            [type] => activity
            [due_date] => 2024-11-22 03:33:00
            [activity_status] => active
            [section_subject_id] => 1
            [subject_name] => Code
            [teacher_fname] => John
            [teacher_lname] => Doe
            [section_id] => 1
            [file_name] => 
            [activity_file_path] => 
            [status] => assigned
        )

)

[2024-11-15 03:43:15] Student access check - Data: Array
(
    [student_id] => 1
    [section_id] => 1
    [has_access] => Yes
)

[2024-11-15 03:43:15] Activity data loaded - Data: Array
(
    [activity_id] => 16
    [title] => asdasdasdasd
    [status] => assigned
    [submission] => No
)

[2024-11-15 03:43:15] Accessing activity view - Data: Array
(
    [activity_id] => 16
    [student_id] => 1
)

[2024-11-15 03:43:15] Activity query executed - Data: Array
(
    [activity_id] => 16
    [student_id] => 1
    [sql] => 
    SELECT 
        a.activity_id,
        a.title,
        a.description,
        a.points,
        a.type,
        a.due_date,
        a.status as activity_status,
        a.section_subject_id,
        s.subject_name,
        t.firstname as teacher_fname,
        t.lastname as teacher_lname,
        ss.section_id,
        af.file_name,
        af.file_path as activity_file_path
    FROM activities a
    INNER JOIN section_subjects ss ON a.section_subject_id = ss.id
    INNER JOIN subjects s ON ss.subject_id = s.id
    INNER JOIN teacher t ON ss.teacher_id = t.teacher_id
    LEFT JOIN activity_files af ON a.activity_id = af.activity_id
    INNER JOIN student_sections sts ON ss.section_id = sts.section_id
    WHERE a.activity_id = ? 
    AND sts.student_id = ?
    AND a.status = 'active'
    LIMIT 1
    [has_result] => 1
)

[2024-11-15 03:43:15] Activity query result - Data: Array
(
    [activity_id] => 16
    [activity_data] => Array
        (
            [activity_id] => 16
            [title] => asdasdasdasd
            [description] => asdasdasdasdasda
            [points] => 100
            [type] => activity
            [due_date] => 2024-11-22 03:33:00
            [activity_status] => active
            [section_subject_id] => 1
            [subject_name] => Code
            [teacher_fname] => John
            [teacher_lname] => Doe
            [section_id] => 1
            [file_name] => 
            [activity_file_path] => 
            [status] => assigned
        )

)

[2024-11-15 03:43:15] Student access check - Data: Array
(
    [student_id] => 1
    [section_id] => 1
    [has_access] => Yes
)

[2024-11-15 03:43:15] Activity data loaded - Data: Array
(
    [activity_id] => 16
    [title] => asdasdasdasd
    [status] => assigned
    [submission] => No
)

[2024-11-15 03:45:17] Accessing activity view - Data: Array
(
    [activity_id] => 16
    [student_id] => 1
)

[2024-11-15 03:45:17] Accessing activity view - Data: Array
(
    [activity_id] => 16
    [student_id] => 1
)

[2024-11-15 03:45:18] Accessing activity view - Data: Array
(
    [activity_id] => 16
    [student_id] => 1
)

[2024-11-15 03:45:18] Accessing activity view - Data: Array
(
    [activity_id] => 16
    [student_id] => 1
)

[2024-11-15 03:45:19] Accessing activity view - Data: Array
(
    [activity_id] => 16
    [student_id] => 1
)

[2024-11-15 03:45:21] Accessing activity view - Data: Array
(
    [activity_id] => 16
    [student_id] => 1
)

[2024-11-15 03:45:49] Accessing activity view - Data: Array
(
    [activity_id] => 16
    [student_id] => 1
)

[2024-11-15 03:45:49] Activity query executed - Data: Array
(
    [activity_id] => 16
    [student_id] => 1
    [sql] => 
    SELECT 
        a.activity_id,
        a.title,
        a.description,
        a.due_date,
        a.points,
        a.type,
        a.status as activity_status,
        ss.section_id,
        s.subject_name,
        t.firstname as teacher_fname,
        t.lastname as teacher_lname,
        af.file_name,
        af.file_path as activity_file_path
    FROM activities a
    INNER JOIN section_subjects ss ON a.section_subject_id = ss.id
    INNER JOIN subjects s ON ss.subject_id = s.id
    INNER JOIN teacher t ON ss.teacher_id = t.teacher_id
    LEFT JOIN activity_files af ON a.activity_id = af.activity_id
    WHERE a.activity_id = ? 
    AND a.type = 'activity'
    AND a.status = 'active'
    [has_result] => 1
)

[2024-11-15 03:45:49] Activity query result - Data: Array
(
    [activity_id] => 16
    [activity_data] => Array
        (
            [activity_id] => 16
            [title] => asdasdasdasd
            [description] => asdasdasdasdasda
            [due_date] => 2024-11-22 03:33:00
            [points] => 100
            [type] => activity
            [activity_status] => active
            [section_id] => 1
            [subject_name] => Code
            [teacher_fname] => John
            [teacher_lname] => Doe
            [file_name] => 
            [activity_file_path] => 
            [status] => assigned
        )

)

[2024-11-15 03:45:49] Student access check - Data: Array
(
    [student_id] => 1
    [section_id] => 1
    [has_access] => Yes
)

[2024-11-15 03:45:49] Activity data loaded - Data: Array
(
    [activity_id] => 16
    [title] => asdasdasdasd
    [status] => assigned
    [submission] => No
)

[2024-11-15 03:45:50] Accessing activity view - Data: Array
(
    [activity_id] => 16
    [student_id] => 1
)

[2024-11-15 03:45:50] Activity query executed - Data: Array
(
    [activity_id] => 16
    [student_id] => 1
    [sql] => 
    SELECT 
        a.activity_id,
        a.title,
        a.description,
        a.due_date,
        a.points,
        a.type,
        a.status as activity_status,
        ss.section_id,
        s.subject_name,
        t.firstname as teacher_fname,
        t.lastname as teacher_lname,
        af.file_name,
        af.file_path as activity_file_path
    FROM activities a
    INNER JOIN section_subjects ss ON a.section_subject_id = ss.id
    INNER JOIN subjects s ON ss.subject_id = s.id
    INNER JOIN teacher t ON ss.teacher_id = t.teacher_id
    LEFT JOIN activity_files af ON a.activity_id = af.activity_id
    WHERE a.activity_id = ? 
    AND a.type = 'activity'
    AND a.status = 'active'
    [has_result] => 1
)

[2024-11-15 03:45:50] Activity query result - Data: Array
(
    [activity_id] => 16
    [activity_data] => Array
        (
            [activity_id] => 16
            [title] => asdasdasdasd
            [description] => asdasdasdasdasda
            [due_date] => 2024-11-22 03:33:00
            [points] => 100
            [type] => activity
            [activity_status] => active
            [section_id] => 1
            [subject_name] => Code
            [teacher_fname] => John
            [teacher_lname] => Doe
            [file_name] => 
            [activity_file_path] => 
            [status] => assigned
        )

)

[2024-11-15 03:45:50] Student access check - Data: Array
(
    [student_id] => 1
    [section_id] => 1
    [has_access] => Yes
)

[2024-11-15 03:45:50] Activity data loaded - Data: Array
(
    [activity_id] => 16
    [title] => asdasdasdasd
    [status] => assigned
    [submission] => No
)

[2024-11-15 03:45:50] Accessing activity view - Data: Array
(
    [activity_id] => 16
    [student_id] => 1
)

[2024-11-15 03:45:50] Activity query executed - Data: Array
(
    [activity_id] => 16
    [student_id] => 1
    [sql] => 
    SELECT 
        a.activity_id,
        a.title,
        a.description,
        a.due_date,
        a.points,
        a.type,
        a.status as activity_status,
        ss.section_id,
        s.subject_name,
        t.firstname as teacher_fname,
        t.lastname as teacher_lname,
        af.file_name,
        af.file_path as activity_file_path
    FROM activities a
    INNER JOIN section_subjects ss ON a.section_subject_id = ss.id
    INNER JOIN subjects s ON ss.subject_id = s.id
    INNER JOIN teacher t ON ss.teacher_id = t.teacher_id
    LEFT JOIN activity_files af ON a.activity_id = af.activity_id
    WHERE a.activity_id = ? 
    AND a.type = 'activity'
    AND a.status = 'active'
    [has_result] => 1
)

[2024-11-15 03:45:50] Activity query result - Data: Array
(
    [activity_id] => 16
    [activity_data] => Array
        (
            [activity_id] => 16
            [title] => asdasdasdasd
            [description] => asdasdasdasdasda
            [due_date] => 2024-11-22 03:33:00
            [points] => 100
            [type] => activity
            [activity_status] => active
            [section_id] => 1
            [subject_name] => Code
            [teacher_fname] => John
            [teacher_lname] => Doe
            [file_name] => 
            [activity_file_path] => 
            [status] => assigned
        )

)

[2024-11-15 03:45:50] Student access check - Data: Array
(
    [student_id] => 1
    [section_id] => 1
    [has_access] => Yes
)

[2024-11-15 03:45:50] Activity data loaded - Data: Array
(
    [activity_id] => 16
    [title] => asdasdasdasd
    [status] => assigned
    [submission] => No
)

[2024-11-15 03:45:50] Accessing activity view - Data: Array
(
    [activity_id] => 16
    [student_id] => 1
)

[2024-11-15 03:45:50] Activity query executed - Data: Array
(
    [activity_id] => 16
    [student_id] => 1
    [sql] => 
    SELECT 
        a.activity_id,
        a.title,
        a.description,
        a.due_date,
        a.points,
        a.type,
        a.status as activity_status,
        ss.section_id,
        s.subject_name,
        t.firstname as teacher_fname,
        t.lastname as teacher_lname,
        af.file_name,
        af.file_path as activity_file_path
    FROM activities a
    INNER JOIN section_subjects ss ON a.section_subject_id = ss.id
    INNER JOIN subjects s ON ss.subject_id = s.id
    INNER JOIN teacher t ON ss.teacher_id = t.teacher_id
    LEFT JOIN activity_files af ON a.activity_id = af.activity_id
    WHERE a.activity_id = ? 
    AND a.type = 'activity'
    AND a.status = 'active'
    [has_result] => 1
)

[2024-11-15 03:45:50] Activity query result - Data: Array
(
    [activity_id] => 16
    [activity_data] => Array
        (
            [activity_id] => 16
            [title] => asdasdasdasd
            [description] => asdasdasdasdasda
            [due_date] => 2024-11-22 03:33:00
            [points] => 100
            [type] => activity
            [activity_status] => active
            [section_id] => 1
            [subject_name] => Code
            [teacher_fname] => John
            [teacher_lname] => Doe
            [file_name] => 
            [activity_file_path] => 
            [status] => assigned
        )

)

[2024-11-15 03:45:50] Student access check - Data: Array
(
    [student_id] => 1
    [section_id] => 1
    [has_access] => Yes
)

[2024-11-15 03:45:50] Activity data loaded - Data: Array
(
    [activity_id] => 16
    [title] => asdasdasdasd
    [status] => assigned
    [submission] => No
)

